Using pre-set license

 COMMAND LINE ARGUMENTS:
/Applications/Unity Editor Versions/2020.3.11f1/Unity.app/Contents/MacOS/Unity
-adb2
-batchMode
-noUpm
-name
AssetImportWorker0
-projectPath
/Users/bryceli/dev/github/poetry-vr/vrgame
-logFile
Logs/AssetImportWorker0.log
-srvPort
62225
Successfully changed project path to: /Users/bryceli/dev/github/poetry-vr/vrgame
/Users/bryceli/dev/github/poetry-vr/vrgame
Using Asset Import Pipeline V2.
Refreshing native plugins compatible for Editor in 87.49 ms, found 2 plugins.
Preloading 0 native plugins for Editor in 0.00 ms.
Initialize engine version: 2020.3.11f1 (99c7afb366b3)
[Subsystems] Discovering subsystems at path /Applications/Unity Editor Versions/2020.3.11f1/Unity.app/Contents/Resources/UnitySubsystems
[Subsystems] Discovering subsystems at path /Users/bryceli/dev/github/poetry-vr/vrgame/Assets
GfxDevice: creating device client; threaded=0
2021-08-28 11:38:03.778 Unity[38027:1854163] Color LCD preferred device: AMD Radeon Pro 5500M (high power)
2021-08-28 11:38:03.791 Unity[38027:1854163] Metal devices available: 2
2021-08-28 11:38:03.811 Unity[38027:1854163] 0: AMD Radeon Pro 5500M (high power)
2021-08-28 11:38:03.811 Unity[38027:1854163] 1: Intel(R) UHD Graphics 630 (low power)
2021-08-28 11:38:03.831 Unity[38027:1854163] Using device AMD Radeon Pro 5500M (high power)
Initializing Metal device caps: AMD Radeon Pro 5500M
Initialize mono
Mono path[0] = '/Applications/Unity Editor Versions/2020.3.11f1/Unity.app/Contents/Managed'
Mono path[1] = '/Applications/Unity Editor Versions/2020.3.11f1/Unity.app/Contents/MonoBleedingEdge/lib/mono/unityjit'
Mono config path = '/Applications/Unity Editor Versions/2020.3.11f1/Unity.app/Contents/MonoBleedingEdge/etc'
Using monoOptions --debugger-agent=transport=dt_socket,embedding=1,server=y,suspend=n,address=127.0.0.1:56027
Begin MonoManager ReloadAssembly
Registering precompiled unity dll's ...
Register platform support module: /Applications/Unity Editor Versions/2020.3.11f1/Unity.app/Contents/PlaybackEngines/MacStandaloneSupport/UnityEditor.OSXStandalone.Extensions.dll
Registered in 0.001870 seconds.
Native extension for OSXStandalone target not found
Refreshing native plugins compatible for Editor in 50.09 ms, found 2 plugins.
Preloading 0 native plugins for Editor in 0.00 ms.
Mono: successfully reloaded assembly
- Completed reload, in  3.320 seconds
Platform modules already initialized, skipping
Registering precompiled user dll's ...
Registered in 0.007349 seconds.
Begin MonoManager ReloadAssembly
Native extension for OSXStandalone target not found
Refreshing native plugins compatible for Editor in 48.71 ms, found 2 plugins.
Preloading 0 native plugins for Editor in 0.00 ms.
Mono: successfully reloaded assembly
- Completed reload, in  1.373 seconds
Platform modules already initialized, skipping
========================================================================
Worker process is ready to serve import requests
Shader 'Universal Render Pipeline/Particles/Lit': fallback shader 'Universal Render Pipeline/Particles/SimpleLit' not found
Shader 'Universal Render Pipeline/Particles/Lit': fallback shader 'Universal Render Pipeline/Particles/SimpleLit' not found
Launching external process: /Applications/Unity Editor Versions/2020.3.11f1/Unity.app/Contents/Tools/UnityShaderCompiler
Launched and connected shader compiler UnityShaderCompiler after 0.02 seconds
Refreshing native plugins compatible for Editor in 0.47 ms, found 2 plugins.
Preloading 0 native plugins for Editor in 0.00 ms.
Unloading 2691 Unused Serialized files (Serialized files now loaded: 0)
System memory in use before: 205.3 MB.
System memory in use after: 202.5 MB.

Unloading 55 unused Assets to reduce memory usage. Loaded Objects now: 3086.
Total: 4.618377 ms (FindLiveObjects: 0.260806 ms CreateObjectMapping: 0.113466 ms MarkObjects: 1.958107 ms  DeleteObjects: 2.285057 ms)

========================================================================
Received Import Request.
  path: Assets/Readme.asset
  artifactKey: Guid(83c2ed844a8c74b779a4c823d16594b1) Importer(815301076,1909f56bfc062723c751e8b465ee728b)
Start importing Assets/Readme.asset using Guid(83c2ed844a8c74b779a4c823d16594b1) Importer(815301076,1909f56bfc062723c751e8b465ee728b)  -> (artifact id: '8ffd2c44ffeb50c574abb5d0c4453328') in 1.281310 seconds
  Import took 1.286274 seconds .

========================================================================
Received Import Request.
  Time since last request: 116.493674 seconds.
  path: Assets/Scenes
  artifactKey: Guid(85422f84a1b2a46b1ada22ad1f05ce1f) Importer(815301076,1909f56bfc062723c751e8b465ee728b)
Start importing Assets/Scenes using Guid(85422f84a1b2a46b1ada22ad1f05ce1f) Importer(815301076,1909f56bfc062723c751e8b465ee728b)  -> (artifact id: 'ec9a26305c39187b13b3075ce858b7c2') in 0.000819 seconds
  Import took 0.004137 seconds .

========================================================================
Received Import Request.
  Time since last request: 0.012073 seconds.
  path: Assets/Scenes
  artifactKey: Guid(85422f84a1b2a46b1ada22ad1f05ce1f) Importer(815301076,1909f56bfc062723c751e8b465ee728b)
Start importing Assets/Scenes using Guid(85422f84a1b2a46b1ada22ad1f05ce1f) Importer(815301076,1909f56bfc062723c751e8b465ee728b)  -> (artifact id: 'ec9a26305c39187b13b3075ce858b7c2') in 0.000784 seconds
  Import took 0.004546 seconds .

========================================================================
Received Import Request.
  Time since last request: 1.054876 seconds.
  path: Assets/Scenes/SampleScene.unity
  artifactKey: Guid(d1c3109bdb54ad54c8a2b2838528e640) Importer(815301076,1909f56bfc062723c751e8b465ee728b)
Start importing Assets/Scenes/SampleScene.unity using Guid(d1c3109bdb54ad54c8a2b2838528e640) Importer(815301076,1909f56bfc062723c751e8b465ee728b)  -> (artifact id: '1a7c01bc8ed57adf1ede3d700e613d7f') in 0.001282 seconds
  Import took 0.006284 seconds .

========================================================================
Received Import Request.
  Time since last request: 0.001347 seconds.
  path: Assets/Scenes/SampleScene.unity
  artifactKey: Guid(d1c3109bdb54ad54c8a2b2838528e640) Importer(815301076,1909f56bfc062723c751e8b465ee728b)
Start importing Assets/Scenes/SampleScene.unity using Guid(d1c3109bdb54ad54c8a2b2838528e640) Importer(815301076,1909f56bfc062723c751e8b465ee728b)  -> (artifact id: '1a7c01bc8ed57adf1ede3d700e613d7f') in 0.001059 seconds
  Import took 0.004252 seconds .

